<?xml version="1.0" encoding="UTF-8"?>
<!-- Generated by org.testng.reporters.JUnitXMLReporter -->
<testsuite hostname="BLR-lT-164" name="Default test(failed)" tests="2" failures="1" timestamp="17 Dec 2015 15:49:39 GMT" time="213.149" errors="0">
  <testcase name="submissionpackage" time="200.523" classname="com.POINTCROSS.testcases.Ctdcsubmission.CtdcSubmissionpackageTest">
    <failure type="java.lang.NullPointerException">
      <![CDATA[java.lang.NullPointerException
	at atu.testng.reports.ATUReports.takeBrowserPageScreenShot(Unknown Source)
	at atu.testng.reports.ATUReports.add(Unknown Source)
	at com.POINTCROSS.testcases.Ctdcsubmission.CtdcSubmissionpackageTest.submissionpackage(CtdcSubmissionpackageTest.java:53)
... Removed 24 stack frames]]>
    </failure>
  </testcase> <!-- submissionpackage -->
  <testcase name="submissionpackage1" time="0.001" classname="com.POINTCROSS.testcases.Ctdcsubmission.CtdcSubmissionpackageTest">
    <skipped/>
  </testcase> <!-- submissionpackage1 -->
</testsuite> <!-- Default test(failed) -->
